<?xml version="1.0" encoding="UTF-8"?>
<!-- Generated by org.testng.reporters.JUnitXMLReporter -->
<testsuite ignored="0" hostname="DESKTOP-1BLE9HI" failures="0" tests="3" name="Default test" time="14.858" errors="0" timestamp="2024-08-09T18:37:07 IST">
  <testcase classname="TestPageTest.GooglePageTest" name="test" time="0.145"/>
  <testcase classname="TestPageTest.GooglePageTest" name="element" time="2.409"/>
  <testcase classname="TestPageTest.GooglePageTest" name="scrollpoint" time="0.081"/>
</testsuite> <!-- Default test -->
