<?xml version="1.0" encoding="UTF-8"?>
<testng-results ignored="0" total="2" passed="2" failed="0" skipped="0">
  <reporter-output>
  </reporter-output>
  <suite started-at="2024-06-21T20:09:08 IST" name="Default suite" finished-at="2024-06-21T20:09:15 IST" duration-ms="6945">
    <groups>
    </groups>
    <test started-at="2024-06-21T20:09:08 IST" name="Default test" finished-at="2024-06-21T20:09:15 IST" duration-ms="6945">
      <class name="AmazonPageTest.WatchesPageTest">
        <test-method is-config="true" signature="SetBrowser()[pri:0, instance:AmazonPageTest.WatchesPageTest@37ceb1df]" started-at="2024-06-21T20:09:08 IST" name="SetBrowser" finished-at="2024-06-21T20:09:12 IST" duration-ms="3869" status="PASS">
          <reporter-output>
          </reporter-output>
        </test-method> <!-- SetBrowser -->
        <test-method is-config="true" signature="setPage()[pri:0, instance:AmazonPageTest.WatchesPageTest@37ceb1df]" started-at="2024-06-21T20:09:12 IST" name="setPage" finished-at="2024-06-21T20:09:14 IST" duration-ms="2730" status="PASS">
          <reporter-output>
          </reporter-output>
        </test-method> <!-- setPage -->
        <test-method signature="testWatches()[pri:1, instance:AmazonPageTest.WatchesPageTest@37ceb1df]" started-at="2024-06-21T20:09:14 IST" name="testWatches" finished-at="2024-06-21T20:09:14 IST" duration-ms="16" status="PASS">
          <reporter-output>
          </reporter-output>
        </test-method> <!-- testWatches -->
        <test-method signature="testwatches()[pri:2, instance:AmazonPageTest.WatchesPageTest@37ceb1df]" started-at="2024-06-21T20:09:14 IST" name="testwatches" finished-at="2024-06-21T20:09:15 IST" duration-ms="288" status="PASS">
          <reporter-output>
          </reporter-output>
        </test-method> <!-- testwatches -->
      </class> <!-- AmazonPageTest.WatchesPageTest -->
    </test> <!-- Default test -->
  </suite> <!-- Default suite -->
</testng-results>
