<?xml version="1.0" encoding="UTF-8"?>
<testng-results ignored="0" total="3" passed="3" failed="0" skipped="0">
  <reporter-output>
  </reporter-output>
  <suite started-at="2024-08-09T18:36:52 IST" name="Default suite" finished-at="2024-08-09T18:37:07 IST" duration-ms="14858">
    <groups>
    </groups>
    <test started-at="2024-08-09T18:36:52 IST" name="Default test" finished-at="2024-08-09T18:37:07 IST" duration-ms="14858">
      <class name="TestPageTest.GooglePageTest">
        <test-method is-config="true" signature="SetBrowser()[pri:0, instance:TestPageTest.GooglePageTest@3590fc5b]" started-at="2024-08-09T18:36:52 IST" name="SetBrowser" finished-at="2024-08-09T18:36:56 IST" duration-ms="3600" status="PASS">
          <reporter-output>
          </reporter-output>
        </test-method> <!-- SetBrowser -->
        <test-method is-config="true" signature="setpage()[pri:0, instance:TestPageTest.GooglePageTest@3590fc5b]" started-at="2024-08-09T18:36:56 IST" name="setpage" finished-at="2024-08-09T18:37:05 IST" duration-ms="8574" status="PASS">
          <reporter-output>
          </reporter-output>
        </test-method> <!-- setpage -->
        <test-method signature="test()[pri:1, instance:TestPageTest.GooglePageTest@3590fc5b]" started-at="2024-08-09T18:37:05 IST" name="test" finished-at="2024-08-09T18:37:05 IST" duration-ms="145" status="PASS">
          <reporter-output>
          </reporter-output>
        </test-method> <!-- test -->
        <test-method signature="element()[pri:2, instance:TestPageTest.GooglePageTest@3590fc5b]" started-at="2024-08-09T18:37:05 IST" name="element" finished-at="2024-08-09T18:37:07 IST" duration-ms="2409" status="PASS">
          <reporter-output>
          </reporter-output>
        </test-method> <!-- element -->
        <test-method signature="scrollpoint()[pri:3, instance:TestPageTest.GooglePageTest@3590fc5b]" started-at="2024-08-09T18:37:07 IST" name="scrollpoint" finished-at="2024-08-09T18:37:07 IST" duration-ms="81" status="PASS">
          <reporter-output>
          </reporter-output>
        </test-method> <!-- scrollpoint -->
      </class> <!-- TestPageTest.GooglePageTest -->
    </test> <!-- Default test -->
  </suite> <!-- Default suite -->
</testng-results>
